<?xml version="1.0" encoding="UTF-8"?>
<!-- Generated by org.testng.reporters.JUnitReportReporter -->
<testsuite hostname="DESKTOP-3ERTKGE" failures="0" tests="1" name="testcases.TC02_Login" time="2.885" errors="0" timestamp="2025-07-14T18:21:42 IST" skipped="0">
  <testcase classname="testcases.TC02_Login" name="setup" time="2.885"/>
</testsuite> <!-- testcases.TC02_Login -->
