<?xml version="1.0" encoding="UTF-8"?>
<!-- Generated by org.testng.reporters.JUnitReportReporter -->
<testsuite hostname="DESKTOP-3ERTKGE" failures="0" tests="1" name="testcases.TC01_Refister" time="2.319" errors="0" timestamp="2025-07-10T22:05:35 IST" skipped="0">
  <testcase classname="testcases.TC01_Refister" name="Register" time="2.319"/>
</testsuite> <!-- testcases.TC01_Refister -->
