<?xml version="1.0" encoding="UTF-8"?>
<!-- Generated by org.testng.reporters.JUnitReportReporter -->
<testsuite hostname="DESKTOP-3ERTKGE" failures="0" tests="1" name="testcases.TC01_Register" time="3.497" errors="0" timestamp="2025-07-14T19:08:21 IST" skipped="0">
  <testcase classname="testcases.TC01_Register" name="Register" time="3.497"/>
</testsuite> <!-- testcases.TC01_Register -->
